<?xml version="1.0" encoding="UTF-8"?>
<!-- Generated by org.testng.reporters.JUnitReportReporter -->
<testsuite hostname="Akhil-PC" failures="0" tests="1" name="test.script.Assertion" time="7.182" errors="0" timestamp="2024-11-13T12:24:01 ICT" skipped="0">
  <testcase classname="test.script.Assertion" name="assertEqualsTest" time="7.182"/>
  <system-out/>
</testsuite> <!-- test.script.Assertion -->
