<?xml version="1.0" encoding="UTF-8"?>
<!-- Generated by org.testng.reporters.JUnitReportReporter -->
<testsuite hostname="Akhil-PC" failures="0" tests="3" name="test.script.Testclass" time="0.019" errors="0" timestamp="2024-11-01T11:59:42 IST" skipped="0">
  <testcase classname="test.script.Testclass" name="test2" time="0.016"/>
  <system-out/>
  <testcase classname="test.script.Testclass" name="test1" time="0.002"/>
  <system-out/>
  <testcase classname="test.script.Testclass" name="test3" time="0.001"/>
  <system-out/>
</testsuite> <!-- test.script.Testclass -->
