<?xml version="1.0" encoding="UTF-8"?>
<!-- Generated by org.testng.reporters.JUnitReportReporter -->
<testsuite hostname="Akhil-PC" failures="0" tests="1" name="test.script.JavascriptExecuter" time="6.573" errors="0" timestamp="2024-11-05T12:00:24 IST" skipped="0">
  <testcase classname="test.script.JavascriptExecuter" name="clickJavaScript" time="6.573"/>
  <system-out/>
</testsuite> <!-- test.script.JavascriptExecuter -->
