<?xml version="1.0" encoding="UTF-8"?>
<!-- Generated by org.testng.reporters.JUnitReportReporter -->
<testsuite hostname="Akhil-PC" failures="0" tests="1" name="assignment.november5.AssignmentNovember5" time="8.417" errors="0" timestamp="2024-12-03T10:34:23 IST" skipped="0">
  <testcase classname="assignment.november5.AssignmentNovember5" name="dropdown" time="8.417"/>
  <system-out/>
</testsuite> <!-- assignment.november5.AssignmentNovember5 -->
