<?xml version="1.0" encoding="UTF-8"?>
<!-- Generated by org.testng.reporters.JUnitReportReporter -->
<testsuite hostname="Akhil-PC" failures="0" tests="1" name="test.script.Robotclass" time="7.760" errors="0" timestamp="2024-11-21T10:21:20 IST" skipped="0">
  <testcase classname="test.script.Robotclass" name="robotClass" time="7.760"/>
  <system-out/>
</testsuite> <!-- test.script.Robotclass -->
